app/build/outputs/logs/manifest-merger-debug-report.txt
-- Merging decision tree log ---
manifest
ADDED from src\main\AndroidManifest.xml:2:1-464:12
INJECTED from src\main\AndroidManifest.xml:2:1-464:12
INJECTED from src\main\AndroidManifest.xml:2:1-464:12
INJECTED from src\main\AndroidManifest.xml:2:1-464:12
MERGED from [:speechutils:app] AndroidManifest.xml:2:1-11:12
MERGED from [:net-speech-api] AndroidManifest.xml:2:1-11:12
MERGED from [com.koushikdutta.async:androidasync:2.2.1] AndroidManifest.xml:2:1-16:12
MERGED from [com.android.support:recyclerview-v7:28.0.0] AndroidManifest.xml:17:1-22:12
MERGED from [com.android.support:support-core-ui:28.0.0] AndroidManifest.xml:17:1-22:12
MERGED from [com.android.support:support-core-utils:28.0.0] AndroidManifest.xml:17:1-22:12
MERGED from [com.android.support:viewpager:28.0.0] AndroidManifest.xml:17:1-22:12
MERGED from [com.android.support:coordinatorlayout:28.0.0] AndroidManifest.xml:17:1-22:12
MERGED from [com.android.support:drawerlayout:28.0.0] AndroidManifest.xml:17:1-22:12
MERGED from [com.android.support:slidingpanelayout:28.0.0] AndroidManifest.xml:17:1-22:12
MERGED from [com.android.support:customview:28.0.0] AndroidManifest.xml:17:1-22:12
MERGED from [com.android.support:swiperefreshlayout:28.0.0] AndroidManifest.xml:17:1-22:12
MERGED from [com.android.support:asynclayoutinflater:28.0.0] AndroidManifest.xml:17:1-22:12
MERGED from [com.android.support:loader:28.0.0] AndroidManifest.xml:17:1-22:12
MERGED from [com.android.support:support-compat:28.0.0] AndroidManifest.xml:17:1-24:12
MERGED from [com.android.support:versionedparcelable:28.0.0] AndroidManifest.xml:17:1-25:12
MERGED from [android.arch.lifecycle:runtime:1.1.1] AndroidManifest.xml:17:1-22:12
MERGED from [com.android.support:interpolator:28.0.0] AndroidManifest.xml:17:1-22:12
MERGED from [com.android.support:cursoradapter:28.0.0] AndroidManifest.xml:17:1-22:12
MERGED from [android.arch.lifecycle:livedata:1.1.1] AndroidManifest.xml:17:1-22:12
MERGED from [android.arch.lifecycle:livedata-core:1.1.1] AndroidManifest.xml:17:1-22:12
MERGED from [android.arch.core:runtime:1.1.1] AndroidManifest.xml:17:1-22:12
MERGED from [com.android.support:documentfile:28.0.0] AndroidManifest.xml:17:1-22:12
MERGED from [com.android.support:localbroadcastmanager:28.0.0] AndroidManifest.xml:17:1-22:12
MERGED from [com.android.support:print:28.0.0] AndroidManifest.xml:17:1-22:12
MERGED from [android.arch.lifecycle:viewmodel:1.1.1] AndroidManifest.xml:17:1-22:12
INJECTED from src\main\AndroidManifest.xml:2:1-464:12
INJECTED from src\main\AndroidManifest.xml:2:1-464:12
INJECTED from src\main\AndroidManifest.xml:2:1-464:12
	package
		ADDED from src\main\AndroidManifest.xml:3:5-40
		INJECTED from src\main\AndroidManifest.xml
		INJECTED from src\main\AndroidManifest.xml
	android:versionName
		INJECTED from src\main\AndroidManifest.xml
		ADDED from src\main\AndroidManifest.xml:2:1-464:12
		INJECTED from src\main\AndroidManifest.xml
	android:versionCode
		INJECTED from src\main\AndroidManifest.xml
		ADDED from src\main\AndroidManifest.xml:2:1-464:12
		INJECTED from src\main\AndroidManifest.xml
	xmlns:android
		ADDED from src\main\AndroidManifest.xml:2:11-69
	android:installLocation
		ADDED from src\main\AndroidManifest.xml:4:5-35
uses-permission#android.permission.RECORD_AUDIO
ADDED from src\main\AndroidManifest.xml:11:5-71
	android:name
		ADDED from src\main\AndroidManifest.xml:11:22-68
uses-permission#android.permission.INTERNET
ADDED from src\main\AndroidManifest.xml:19:5-67
MERGED from [com.koushikdutta.async:androidasync:2.2.1] AndroidManifest.xml:11:5-67
MERGED from [com.koushikdutta.async:androidasync:2.2.1] AndroidManifest.xml:11:5-67
	android:name
		ADDED from src\main\AndroidManifest.xml:19:22-64
uses-permission#android.permission.READ_EXTERNAL_STORAGE
ADDED from src\main\AndroidManifest.xml:30:5-80
	android:name
		ADDED from src\main\AndroidManifest.xml:30:22-77
uses-permission#com.android.alarm.permission.SET_ALARM
ADDED from src\main\AndroidManifest.xml:38:5-78
	android:name
		ADDED from src\main\AndroidManifest.xml:38:22-75
uses-permission#ee.ioc.phon.android.speak.permission.FETCH_URL
ADDED from src\main\AndroidManifest.xml:47:5-86
	android:name
		ADDED from src\main\AndroidManifest.xml:47:22-83
permission#ee.ioc.phon.android.speak.permission.FETCH_URL
ADDED from src\main\AndroidManifest.xml:57:5-62:47
	android:label
		ADDED from src\main\AndroidManifest.xml:60:9-56
	android:protectionLevel
		ADDED from src\main\AndroidManifest.xml:62:9-44
	android:permissionGroup
		ADDED from src\main\AndroidManifest.xml:61:9-72
	android:description
		ADDED from src\main\AndroidManifest.xml:59:9-68
	android:name
		ADDED from src\main\AndroidManifest.xml:58:9-70
uses-feature#android.hardware.touchscreen
ADDED from src\main\AndroidManifest.xml:66:5-68:36
	android:required
		ADDED from src\main\AndroidManifest.xml:68:9-33
	android:name
		ADDED from src\main\AndroidManifest.xml:67:9-52
application
ADDED from src\main\AndroidManifest.xml:72:5-462:19
MERGED from [com.koushikdutta.async:androidasync:2.2.1] AndroidManifest.xml:13:5-14:19
MERGED from [com.koushikdutta.async:androidasync:2.2.1] AndroidManifest.xml:13:5-14:19
MERGED from [com.android.support:support-compat:28.0.0] AndroidManifest.xml:22:5-94
MERGED from [com.android.support:support-compat:28.0.0] AndroidManifest.xml:22:5-94
MERGED from [com.android.support:versionedparcelable:28.0.0] AndroidManifest.xml:22:5-23:19
MERGED from [com.android.support:versionedparcelable:28.0.0] AndroidManifest.xml:22:5-23:19
	android:appComponentFactory
		ADDED from [com.android.support:support-compat:28.0.0] AndroidManifest.xml:22:18-91
	android:supportsRtl
		ADDED from src\main\AndroidManifest.xml:78:9-35
	android:label
		ADDED from src\main\AndroidManifest.xml:77:9-41
	android:fullBackupContent
		ADDED from src\main\AndroidManifest.xml:75:9-41
	android:icon
		ADDED from src\main\AndroidManifest.xml:76:9-43
	android:allowBackup
		ADDED from src\main\AndroidManifest.xml:73:9-35
	android:description
		ADDED from src\main\AndroidManifest.xml:74:9-53
	android:theme
		ADDED from src\main\AndroidManifest.xml:79:9-44
activity#ee.ioc.phon.android.speak.activity.SpeechActionActivity
ADDED from src\main\AndroidManifest.xml:106:9-185:20
	android:clearTaskOnLaunch
		ADDED from src\main\AndroidManifest.xml:108:13-45
	android:label
		ADDED from src\main\AndroidManifest.xml:110:13-66
	android:launchMode
		ADDED from src\main\AndroidManifest.xml:111:13-42
	android:exported
		ADDED from src\main\AndroidManifest.xml:109:13-36
	android:theme
		ADDED from src\main\AndroidManifest.xml:112:13-55
	android:name
		ADDED from src\main\AndroidManifest.xml:107:13-58
intent-filter#action:name:android.speech.action.RECOGNIZE_SPEECH+category:name:android.intent.category.DEFAULT
ADDED from src\main\AndroidManifest.xml:113:13-117:29
action#android.speech.action.RECOGNIZE_SPEECH
ADDED from src\main\AndroidManifest.xml:114:17-81
	android:name
		ADDED from src\main\AndroidManifest.xml:114:25-78
category#android.intent.category.DEFAULT
ADDED from src\main\AndroidManifest.xml:116:17-76
	android:name
		ADDED from src\main\AndroidManifest.xml:116:27-73
intent-filter#action:name:android.speech.action.WEB_SEARCH+category:name:android.intent.category.DEFAULT
ADDED from src\main\AndroidManifest.xml:118:13-122:29
action#android.speech.action.WEB_SEARCH
ADDED from src\main\AndroidManifest.xml:119:17-75
	android:name
		ADDED from src\main\AndroidManifest.xml:119:25-72
intent-filter#action:name:android.intent.action.VOICE_COMMAND+category:name:android.intent.category.DEFAULT
ADDED from src\main\AndroidManifest.xml:126:13-130:29
action#android.intent.action.VOICE_COMMAND
ADDED from src\main\AndroidManifest.xml:127:17-78
	android:name
		ADDED from src\main\AndroidManifest.xml:127:25-75
intent-filter#action:name:android.intent.action.ASSIST+category:name:android.intent.category.DEFAULT
ADDED from src\main\AndroidManifest.xml:148:13-152:29
	android:priority
		ADDED from src\main\AndroidManifest.xml:148:28-50
action#android.intent.action.ASSIST
ADDED from src\main\AndroidManifest.xml:149:17-71
	android:name
		ADDED from src\main\AndroidManifest.xml:149:25-68
intent-filter#action:name:android.intent.action.SEARCH_LONG_PRESS+category:name:android.intent.category.DEFAULT
ADDED from src\main\AndroidManifest.xml:156:13-160:29
action#android.intent.action.SEARCH_LONG_PRESS
ADDED from src\main\AndroidManifest.xml:157:17-82
	android:name
		ADDED from src\main\AndroidManifest.xml:157:25-79
intent-filter#action:name:android.speech.action.VOICE_SEARCH_HANDS_FREE+category:name:android.intent.category.DEFAULT
ADDED from src\main\AndroidManifest.xml:163:13-167:29
action#android.speech.action.VOICE_SEARCH_HANDS_FREE
ADDED from src\main\AndroidManifest.xml:164:17-88
	android:name
		ADDED from src\main\AndroidManifest.xml:164:25-85
intent-filter#action:name:android.intent.action.MAIN+category:name:android.intent.category.LAUNCHER
ADDED from src\main\AndroidManifest.xml:175:13-179:29
action#android.intent.action.MAIN
ADDED from src\main\AndroidManifest.xml:176:17-69
	android:name
		ADDED from src\main\AndroidManifest.xml:176:25-66
category#android.intent.category.LAUNCHER
ADDED from src\main\AndroidManifest.xml:178:17-77
	android:name
		ADDED from src\main\AndroidManifest.xml:178:27-74
meta-data#android.speech.DETAILS
ADDED from src\main\AndroidManifest.xml:182:13-184:88
	android:value
		ADDED from src\main\AndroidManifest.xml:184:17-85
	android:name
		ADDED from src\main\AndroidManifest.xml:183:17-54
receiver#ee.ioc.phon.android.speak.GetLanguageDetailsReceiver
ADDED from src\main\AndroidManifest.xml:188:9-194:20
	android:exported
		ADDED from src\main\AndroidManifest.xml:190:13-36
	android:name
		ADDED from src\main\AndroidManifest.xml:189:13-55
intent-filter#action:name:android.speech.action.GET_LANGUAGE_DETAILS
ADDED from src\main\AndroidManifest.xml:191:13-193:29
action#android.speech.action.GET_LANGUAGE_DETAILS
ADDED from src\main\AndroidManifest.xml:192:17-85
	android:name
		ADDED from src\main\AndroidManifest.xml:192:25-82
activity#ee.ioc.phon.android.speak.activity.Preferences
ADDED from src\main\AndroidManifest.xml:198:9-207:20
	android:label
		ADDED from src\main\AndroidManifest.xml:201:13-61
	android:exported
		ADDED from src\main\AndroidManifest.xml:200:13-37
	android:name
		ADDED from src\main\AndroidManifest.xml:199:13-49
intent-filter#action:name:android.intent.action.MAIN+category:name:android.intent.category.DEFAULT
ADDED from src\main\AndroidManifest.xml:202:13-206:29
activity#ee.ioc.phon.android.speak.PreferencesRecognitionServiceHttp
ADDED from src\main\AndroidManifest.xml:209:9-219:20
	android:parentActivityName
		ADDED from src\main\AndroidManifest.xml:213:13-78
	android:label
		ADDED from src\main\AndroidManifest.xml:212:13-83
	android:exported
		ADDED from src\main\AndroidManifest.xml:211:13-37
	android:name
		ADDED from src\main\AndroidManifest.xml:210:13-62
activity#ee.ioc.phon.android.speak.PreferencesRecognitionServiceWs
ADDED from src\main\AndroidManifest.xml:221:9-231:20
	android:parentActivityName
		ADDED from src\main\AndroidManifest.xml:225:13-78
	android:label
		ADDED from src\main\AndroidManifest.xml:224:13-81
	android:exported
		ADDED from src\main\AndroidManifest.xml:223:13-37
	android:name
		ADDED from src\main\AndroidManifest.xml:222:13-60
activity#ee.ioc.phon.android.speak.AboutActivity
ADDED from src\main\AndroidManifest.xml:233:9-237:51
	android:parentActivityName
		ADDED from src\main\AndroidManifest.xml:236:13-63
	android:label
		ADDED from src\main\AndroidManifest.xml:235:13-55
	android:theme
		ADDED from src\main\AndroidManifest.xml:237:13-48
	android:name
		ADDED from src\main\AndroidManifest.xml:234:13-42
activity#ee.ioc.phon.android.speak.activity.DetailsActivity
ADDED from src\main\AndroidManifest.xml:241:9-243:58
	android:theme
		ADDED from src\main\AndroidManifest.xml:243:13-55
	android:name
		ADDED from src\main\AndroidManifest.xml:242:13-53
activity#ee.ioc.phon.android.speak.activity.RewritesErrorsActivity
ADDED from src\main\AndroidManifest.xml:244:9-246:58
	android:theme
		ADDED from src\main\AndroidManifest.xml:246:13-55
	android:name
		ADDED from src\main\AndroidManifest.xml:245:13-60
activity#ee.ioc.phon.android.speak.activity.ComboSelectorActivity
ADDED from src\main\AndroidManifest.xml:247:9-250:66
	android:parentActivityName
		ADDED from src\main\AndroidManifest.xml:250:13-63
	android:label
		ADDED from src\main\AndroidManifest.xml:249:13-53
	android:name
		ADDED from src\main\AndroidManifest.xml:248:13-59
activity#ee.ioc.phon.android.speak.activity.RecServiceSelectorActivity
ADDED from src\main\AndroidManifest.xml:251:9-255:66
	android:parentActivityName
		ADDED from src\main\AndroidManifest.xml:255:13-63
	android:label
		ADDED from src\main\AndroidManifest.xml:254:13-50
	android:exported
		ADDED from src\main\AndroidManifest.xml:253:13-36
	android:name
		ADDED from src\main\AndroidManifest.xml:252:13-64
activity#ee.ioc.phon.android.speak.AppListActivity
ADDED from src\main\AndroidManifest.xml:256:9-259:66
	android:parentActivityName
		ADDED from src\main\AndroidManifest.xml:259:13-63
	android:label
		ADDED from src\main\AndroidManifest.xml:258:13-57
	android:name
		ADDED from src\main\AndroidManifest.xml:257:13-44
activity#ee.ioc.phon.android.speak.activity.GrammarListActivity
ADDED from src\main\AndroidManifest.xml:260:9-263:66
	android:parentActivityName
		ADDED from src\main\AndroidManifest.xml:263:13-63
	android:label
		ADDED from src\main\AndroidManifest.xml:262:13-61
	android:name
		ADDED from src\main\AndroidManifest.xml:261:13-57
activity#ee.ioc.phon.android.speak.activity.ServerListActivity
ADDED from src\main\AndroidManifest.xml:264:9-267:79
	android:parentActivityName
		ADDED from src\main\AndroidManifest.xml:267:13-76
	android:label
		ADDED from src\main\AndroidManifest.xml:266:13-60
	android:name
		ADDED from src\main\AndroidManifest.xml:265:13-56
activity#ee.ioc.phon.android.speak.activity.RewritesSelectorActivity
ADDED from src\main\AndroidManifest.xml:269:9-273:66
	android:parentActivityName
		ADDED from src\main\AndroidManifest.xml:273:13-63
	android:label
		ADDED from src\main\AndroidManifest.xml:272:13-66
	android:exported
		ADDED from src\main\AndroidManifest.xml:271:13-36
	android:name
		ADDED from src\main\AndroidManifest.xml:270:13-62
activity#ee.ioc.phon.android.speak.activity.RewritesLoaderActivity
ADDED from src\main\AndroidManifest.xml:274:9-301:20
	android:label
		ADDED from src\main\AndroidManifest.xml:276:13-64
	android:windowSoftInputMode
		ADDED from src\main\AndroidManifest.xml:278:13-57
	android:theme
		ADDED from src\main\AndroidManifest.xml:277:13-67
	android:name
		ADDED from src\main\AndroidManifest.xml:275:13-60
intent-filter#action:name:android.intent.action.SEND+category:name:android.intent.category.DEFAULT+data:mimeType:text/tab-separated-values
ADDED from src\main\AndroidManifest.xml:279:13-283:29
action#android.intent.action.SEND
ADDED from src\main\AndroidManifest.xml:280:17-69
	android:name
		ADDED from src\main\AndroidManifest.xml:280:25-66
data
ADDED from src\main\AndroidManifest.xml:282:17-70
	android:host
		ADDED from src\main\AndroidManifest.xml:298:21-37
	android:scheme
		ADDED from src\main\AndroidManifest.xml:299:21-40
	android:mimeType
		ADDED from src\main\AndroidManifest.xml:282:23-67
intent-filter#action:name:android.intent.action.VIEW+category:name:android.intent.category.DEFAULT+data:mimeType:text/tab-separated-values
ADDED from src\main\AndroidManifest.xml:284:13-290:29
action#android.intent.action.VIEW
ADDED from src\main\AndroidManifest.xml:285:17-69
	android:name
		ADDED from src\main\AndroidManifest.xml:285:25-66
intent-filter#action:name:android.intent.action.VIEW+category:name:android.intent.category.BROWSABLE+category:name:android.intent.category.DEFAULT+data:host:*+data:scheme:k6
ADDED from src\main\AndroidManifest.xml:291:13-300:29
category#android.intent.category.BROWSABLE
ADDED from src\main\AndroidManifest.xml:294:17-78
	android:name
		ADDED from src\main\AndroidManifest.xml:294:27-75
activity#ee.ioc.phon.android.speak.activity.RewritesActivity
ADDED from src\main\AndroidManifest.xml:302:9-313:20
	android:parentActivityName
		ADDED from src\main\AndroidManifest.xml:304:13-76
	android:name
		ADDED from src\main\AndroidManifest.xml:303:13-54
meta-data#android.support.PARENT_ACTIVITY
ADDED from src\main\AndroidManifest.xml:305:13-307:70
	android:value
		ADDED from src\main\AndroidManifest.xml:307:17-67
	android:name
		ADDED from src\main\AndroidManifest.xml:306:17-63
activity#ee.ioc.phon.android.speak.activity.PermissionsRequesterActivity
ADDED from src\main\AndroidManifest.xml:314:9-316:75
	android:theme
		ADDED from src\main\AndroidManifest.xml:316:13-72
	android:name
		ADDED from src\main\AndroidManifest.xml:315:13-66
activity#ee.ioc.phon.android.speak.activity.FetchUrlActivity
ADDED from src\main\AndroidManifest.xml:317:9-321:75
	android:exported
		ADDED from src\main\AndroidManifest.xml:319:13-36
	android:permission
		ADDED from src\main\AndroidManifest.xml:320:13-80
	android:theme
		ADDED from src\main\AndroidManifest.xml:321:13-72
	android:name
		ADDED from src\main\AndroidManifest.xml:318:13-54
activity#ee.ioc.phon.android.speak.activity.GetPutPreferenceActivity
ADDED from src\main\AndroidManifest.xml:323:9-326:75
	android:exported
		ADDED from src\main\AndroidManifest.xml:325:13-36
	android:theme
		ADDED from src\main\AndroidManifest.xml:326:13-72
	android:name
		ADDED from src\main\AndroidManifest.xml:324:13-62
activity#ee.ioc.phon.android.speak.activity.QuickSettingsActivity
ADDED from src\main\AndroidManifest.xml:327:9-330:66
	android:parentActivityName
		ADDED from src\main\AndroidManifest.xml:330:13-63
	android:label
		ADDED from src\main\AndroidManifest.xml:329:13-63
	android:name
		ADDED from src\main\AndroidManifest.xml:328:13-59
activity#ee.ioc.phon.android.speak.activity.RecognitionServiceWsUrlActivity
ADDED from src\main\AndroidManifest.xml:331:9-335:60
	android:parentActivityName
		ADDED from src\main\AndroidManifest.xml:334:13-74
	android:label
		ADDED from src\main\AndroidManifest.xml:333:13-50
	android:windowSoftInputMode
		ADDED from src\main\AndroidManifest.xml:335:13-57
	android:name
		ADDED from src\main\AndroidManifest.xml:332:13-69
activity#ee.ioc.phon.android.speak.demo.SimpleDemo
ADDED from src\main\AndroidManifest.xml:336:9-338:75
	android:theme
		ADDED from src\main\AndroidManifest.xml:338:13-72
	android:name
		ADDED from src\main\AndroidManifest.xml:337:13-44
activity#ee.ioc.phon.android.speak.demo.ExtrasDemo
ADDED from src\main\AndroidManifest.xml:339:9-342:75
	android:exported
		ADDED from src\main\AndroidManifest.xml:341:13-36
	android:theme
		ADDED from src\main\AndroidManifest.xml:342:13-72
	android:name
		ADDED from src\main\AndroidManifest.xml:340:13-44
activity#ee.ioc.phon.android.speak.demo.HandsfreeDemoActivity
ADDED from src\main\AndroidManifest.xml:343:9-351:20
	android:label
		ADDED from src\main\AndroidManifest.xml:345:13-63
	android:name
		ADDED from src\main\AndroidManifest.xml:344:13-55
activity#ee.ioc.phon.android.speak.demo.ChatDemoActivity
ADDED from src\main\AndroidManifest.xml:352:9-356:57
	android:label
		ADDED from src\main\AndroidManifest.xml:355:13-58
	android:exported
		ADDED from src\main\AndroidManifest.xml:354:13-36
	android:theme
		ADDED from src\main\AndroidManifest.xml:356:13-54
	android:name
		ADDED from src\main\AndroidManifest.xml:353:13-50
activity#ee.ioc.phon.android.speak.demo.VoiceSearchDemo
ADDED from src\main\AndroidManifest.xml:357:9-359:68
	android:label
		ADDED from src\main\AndroidManifest.xml:359:13-65
	android:name
		ADDED from src\main\AndroidManifest.xml:358:13-49
activity#ee.ioc.phon.android.speak.demo.EncoderDemoActivity
ADDED from src\main\AndroidManifest.xml:361:9-364:64
	android:label
		ADDED from src\main\AndroidManifest.xml:364:13-61
	android:exported
		ADDED from src\main\AndroidManifest.xml:363:13-36
	android:name
		ADDED from src\main\AndroidManifest.xml:362:13-53
activity#ee.ioc.phon.android.speak.demo.EncoderListDemo
ADDED from src\main\AndroidManifest.xml:366:9-369:68
	android:label
		ADDED from src\main\AndroidManifest.xml:369:13-65
	android:exported
		ADDED from src\main\AndroidManifest.xml:368:13-36
	android:name
		ADDED from src\main\AndroidManifest.xml:367:13-49
activity#ee.ioc.phon.android.speak.demo.ImeListDemo
ADDED from src\main\AndroidManifest.xml:371:9-374:64
	android:label
		ADDED from src\main\AndroidManifest.xml:374:13-61
	android:exported
		ADDED from src\main\AndroidManifest.xml:373:13-36
	android:name
		ADDED from src\main\AndroidManifest.xml:372:13-45
activity#ee.ioc.phon.android.speak.demo.FormDemoActivity
ADDED from src\main\AndroidManifest.xml:376:9-379:61
	android:label
		ADDED from src\main\AndroidManifest.xml:379:13-58
	android:exported
		ADDED from src\main\AndroidManifest.xml:378:13-36
	android:name
		ADDED from src\main\AndroidManifest.xml:377:13-50
service#ee.ioc.phon.android.speak.service.WebSocketRecognitionService
ADDED from src\main\AndroidManifest.xml:383:9-401:19
	android:label
		ADDED from src\main\AndroidManifest.xml:388:13-62
	android:exported
		ADDED from src\main\AndroidManifest.xml:386:13-36
	android:permission
		ADDED from src\main\AndroidManifest.xml:389:13-65
	android:icon
		ADDED from src\main\AndroidManifest.xml:387:13-48
	android:description
		ADDED from src\main\AndroidManifest.xml:385:13-59
	android:name
		ADDED from src\main\AndroidManifest.xml:384:13-64
intent-filter#action:name:android.speech.RecognitionService+category:name:android.intent.category.DEFAULT
ADDED from src\main\AndroidManifest.xml:390:13-396:29
action#android.speech.RecognitionService
ADDED from src\main\AndroidManifest.xml:393:17-76
	android:name
		ADDED from src\main\AndroidManifest.xml:393:25-73
meta-data#android.speech
ADDED from src\main\AndroidManifest.xml:398:13-400:66
	android:resource
		ADDED from src\main\AndroidManifest.xml:400:17-63
	android:name
		ADDED from src\main\AndroidManifest.xml:399:17-46
service#ee.ioc.phon.android.speak.service.HttpRecognitionService
ADDED from src\main\AndroidManifest.xml:403:9-421:19
	android:label
		ADDED from src\main\AndroidManifest.xml:408:13-64
	android:exported
		ADDED from src\main\AndroidManifest.xml:406:13-36
	android:permission
		ADDED from src\main\AndroidManifest.xml:409:13-65
	android:icon
		ADDED from src\main\AndroidManifest.xml:407:13-48
	android:description
		ADDED from src\main\AndroidManifest.xml:405:13-61
	android:name
		ADDED from src\main\AndroidManifest.xml:404:13-59
service#ee.ioc.phon.android.speak.service.SpeechInputMethodService
ADDED from src\main\AndroidManifest.xml:440:9-450:19
	android:label
		ADDED from src\main\AndroidManifest.xml:442:13-45
	android:permission
		ADDED from src\main\AndroidManifest.xml:443:13-70
	android:name
		ADDED from src\main\AndroidManifest.xml:441:13-61
intent-filter#action:name:android.view.InputMethod
ADDED from src\main\AndroidManifest.xml:444:13-446:29
action#android.view.InputMethod
ADDED from src\main\AndroidManifest.xml:445:17-67
	android:name
		ADDED from src\main\AndroidManifest.xml:445:25-64
meta-data#android.view.im
ADDED from src\main\AndroidManifest.xml:447:13-449:56
	android:resource
		ADDED from src\main\AndroidManifest.xml:449:17-53
	android:name
		ADDED from src\main\AndroidManifest.xml:448:17-47
provider#ee.ioc.phon.android.speak.provider.AppsContentProvider
ADDED from src\main\AndroidManifest.xml:452:9-455:40
	android:authorities
		ADDED from src\main\AndroidManifest.xml:454:13-89
	android:exported
		ADDED from src\main\AndroidManifest.xml:455:13-37
	android:name
		ADDED from src\main\AndroidManifest.xml:453:13-57
provider#ee.ioc.phon.android.speak.provider.FileContentProvider
ADDED from src\main\AndroidManifest.xml:457:9-461:68
	android:authorities
		ADDED from src\main\AndroidManifest.xml:459:13-89
	android:exported
		ADDED from src\main\AndroidManifest.xml:460:13-36
	android:permission
		ADDED from src\main\AndroidManifest.xml:461:13-65
	android:name
		ADDED from src\main\AndroidManifest.xml:458:13-57
uses-sdk
INJECTED from src\main\AndroidManifest.xml reason: use-sdk injection requested
INJECTED from src\main\AndroidManifest.xml
INJECTED from src\main\AndroidManifest.xml
MERGED from [:speechutils:app] AndroidManifest.xml:7:5-9:41
MERGED from [:speechutils:app] AndroidManifest.xml:7:5-9:41
MERGED from [:net-speech-api] AndroidManifest.xml:7:5-9:41
MERGED from [:net-speech-api] AndroidManifest.xml:7:5-9:41
MERGED from [com.koushikdutta.async:androidasync:2.2.1] AndroidManifest.xml:7:5-9:41
MERGED from [com.koushikdutta.async:androidasync:2.2.1] AndroidManifest.xml:7:5-9:41
MERGED from [com.android.support:recyclerview-v7:28.0.0] AndroidManifest.xml:20:5-44
MERGED from [com.android.support:recyclerview-v7:28.0.0] AndroidManifest.xml:20:5-44
MERGED from [com.android.support:support-core-ui:28.0.0] AndroidManifest.xml:20:5-44
MERGED from [com.android.support:support-core-ui:28.0.0] AndroidManifest.xml:20:5-44
MERGED from [com.android.support:support-core-utils:28.0.0] AndroidManifest.xml:20:5-44
MERGED from [com.android.support:support-core-utils:28.0.0] AndroidManifest.xml:20:5-44
MERGED from [com.android.support:viewpager:28.0.0] AndroidManifest.xml:20:5-44
MERGED from [com.android.support:viewpager:28.0.0] AndroidManifest.xml:20:5-44
MERGED from [com.android.support:coordinatorlayout:28.0.0] AndroidManifest.xml:20:5-44
MERGED from [com.android.support:coordinatorlayout:28.0.0] AndroidManifest.xml:20:5-44
MERGED from [com.android.support:drawerlayout:28.0.0] AndroidManifest.xml:20:5-44
MERGED from [com.android.support:drawerlayout:28.0.0] AndroidManifest.xml:20:5-44
MERGED from [com.android.support:slidingpanelayout:28.0.0] AndroidManifest.xml:20:5-44
MERGED from [com.android.support:slidingpanelayout:28.0.0] AndroidManifest.xml:20:5-44
MERGED from [com.android.support:customview:28.0.0] AndroidManifest.xml:20:5-44
MERGED from [com.android.support:customview:28.0.0] AndroidManifest.xml:20:5-44
MERGED from [com.android.support:swiperefreshlayout:28.0.0] AndroidManifest.xml:20:5-44
MERGED from [com.android.support:swiperefreshlayout:28.0.0] AndroidManifest.xml:20:5-44
MERGED from [com.android.support:asynclayoutinflater:28.0.0] AndroidManifest.xml:20:5-44
MERGED from [com.android.support:asynclayoutinflater:28.0.0] AndroidManifest.xml:20:5-44
MERGED from [com.android.support:loader:28.0.0] AndroidManifest.xml:20:5-44
MERGED from [com.android.support:loader:28.0.0] AndroidManifest.xml:20:5-44
MERGED from [com.android.support:support-compat:28.0.0] AndroidManifest.xml:20:5-44
MERGED from [com.android.support:support-compat:28.0.0] AndroidManifest.xml:20:5-44
MERGED from [com.android.support:versionedparcelable:28.0.0] AndroidManifest.xml:20:5-44
MERGED from [com.android.support:versionedparcelable:28.0.0] AndroidManifest.xml:20:5-44
MERGED from [android.arch.lifecycle:runtime:1.1.1] AndroidManifest.xml:20:5-44
MERGED from [android.arch.lifecycle:runtime:1.1.1] AndroidManifest.xml:20:5-44
MERGED from [com.android.support:interpolator:28.0.0] AndroidManifest.xml:20:5-44
MERGED from [com.android.support:interpolator:28.0.0] AndroidManifest.xml:20:5-44
MERGED from [com.android.support:cursoradapter:28.0.0] AndroidManifest.xml:20:5-44
MERGED from [com.android.support:cursoradapter:28.0.0] AndroidManifest.xml:20:5-44
MERGED from [android.arch.lifecycle:livedata:1.1.1] AndroidManifest.xml:20:5-44
MERGED from [android.arch.lifecycle:livedata:1.1.1] AndroidManifest.xml:20:5-44
MERGED from [android.arch.lifecycle:livedata-core:1.1.1] AndroidManifest.xml:20:5-44
MERGED from [android.arch.lifecycle:livedata-core:1.1.1] AndroidManifest.xml:20:5-44
MERGED from [android.arch.core:runtime:1.1.1] AndroidManifest.xml:20:5-44
MERGED from [android.arch.core:runtime:1.1.1] AndroidManifest.xml:20:5-44
MERGED from [com.android.support:documentfile:28.0.0] AndroidManifest.xml:20:5-44
MERGED from [com.android.support:documentfile:28.0.0] AndroidManifest.xml:20:5-44
MERGED from [com.android.support:localbroadcastmanager:28.0.0] AndroidManifest.xml:20:5-44
MERGED from [com.android.support:localbroadcastmanager:28.0.0] AndroidManifest.xml:20:5-44
MERGED from [com.android.support:print:28.0.0] AndroidManifest.xml:20:5-44
MERGED from [com.android.support:print:28.0.0] AndroidManifest.xml:20:5-44
MERGED from [android.arch.lifecycle:viewmodel:1.1.1] AndroidManifest.xml:20:5-44
MERGED from [android.arch.lifecycle:viewmodel:1.1.1] AndroidManifest.xml:20:5-44
INJECTED from src\main\AndroidManifest.xml
INJECTED from src\main\AndroidManifest.xml
	android:targetSdkVersion
		INJECTED from src\main\AndroidManifest.xml
		ADDED from src\main\AndroidManifest.xml
		INJECTED from src\main\AndroidManifest.xml
	android:minSdkVersion
		INJECTED from src\main\AndroidManifest.xml
		ADDED from src\main\AndroidManifest.xml
		INJECTED from src\main\AndroidManifest.xml